ASxxxx Assembler V02.00 + NoICE + SDCC mods  (GameBoy Z80-like CPU), page 1.
Hexadecimal [32-Bits]



    00000000                          1 _bg_tiles::
    00000000 00 00 00 00 00 00 00     2     .db 0x00, 0x00, 0x00, 0x00, 0x00, 0x00, 0x00, 0x00, 0x00, 0x00, 0x00, 0x00, 0x00, 0x00, 0x00, 0x00
             00 00 00 00 00 00 00
             00 00
    00000010 00 00 00 00 00 00 00     3     .db 0x00, 0x00, 0x00, 0x00, 0x00, 0x00, 0x00, 0x00, 0x00, 0x00, 0x00, 0x00, 0x00, 0x00, 0x00, 0x00
             00 00 00 00 00 00 00
             00 00
    00000020 00 00 00 00 00 00 00     4     .db 0x00, 0x00, 0x00, 0x00, 0x00, 0x00, 0x00, 0x00, 0x00, 0x00, 0x00, 0x00, 0x00, 0x00, 0x00, 0x00
             00 00 00 00 00 00 00
             00 00
    00000030 00 00 00 00 00 00 00     5     .db 0x00, 0x00, 0x00, 0x00, 0x00, 0x00, 0x00, 0x00, 0x00, 0x00, 0x00, 0x00, 0x00, 0x00, 0x00, 0x00
             00 00 00 00 00 00 00
             00 00
    00000040 00 00 00 00 00 00 00     6     .db 0x00, 0x00, 0x00, 0x00, 0x00, 0x00, 0x00, 0x00, 0x00, 0x00, 0x00, 0x00, 0x00, 0x00, 0x00, 0x00
             00 00 00 00 00 00 00
             00 00
    00000050 00 00 00 00 00 00 00     7     .db 0x00, 0x00, 0x00, 0x00, 0x00, 0x00, 0x00, 0x00, 0x00, 0x00, 0x00, 0x00, 0x00, 0x00, 0x00, 0x00
             00 00 00 00 00 00 00
             00 00
    00000060 00 00 00 00 00 00 00     8     .db 0x00, 0x00, 0x00, 0x00, 0x00, 0x00, 0x00, 0x00, 0x00, 0x00, 0x00, 0x00, 0x00, 0x00, 0x00, 0x00
             00 00 00 00 00 00 00
             00 00
    00000070 00 00 00 00 00 00 00     9     .db 0x00, 0x00, 0x00, 0x00, 0x00, 0x00, 0x00, 0x00, 0x00, 0x00, 0x00, 0x00, 0x00, 0x00, 0x00, 0x00
             00 00 00 00 00 00 00
             00 00
    00000080 00 00 00 00 00 00 00    10     .db 0x00, 0x00, 0x00, 0x00, 0x00, 0x00, 0x00, 0x00, 0x00, 0x00, 0x00, 0x00, 0x00, 0x00, 0x00, 0x00
             00 00 00 00 00 00 00
             00 00
    00000090 00 00 00 00 00 00 00    11     .db 0x00, 0x00, 0x00, 0x00, 0x00, 0x00, 0x00, 0x00, 0x00, 0x00, 0x00, 0x00, 0x00, 0x00, 0x00, 0x00
             00 00 00 00 00 00 00
             00 00
    000000A0 00 00 00 00 00 00 00    12     .db 0x00, 0x00, 0x00, 0x00, 0x00, 0x00, 0x00, 0x00, 0x00, 0x00, 0x00, 0x00, 0x00, 0x00, 0x00, 0x00
             00 00 00 00 00 00 00
             00 00
    000000B0 00 00 00 00 00 00 00    13     .db 0x00, 0x00, 0x00, 0x00, 0x00, 0x00, 0x00, 0x00, 0x00, 0x00, 0x00, 0x00, 0x00, 0x00, 0x00, 0x00
             00 00 00 00 00 00 00
             00 00
    000000C0 00 00 00 00 00 00 00    14     .db 0x00, 0x00, 0x00, 0x00, 0x00, 0x00, 0x00, 0x00, 0x00, 0x00, 0x00, 0x00, 0x00, 0x00, 0x00, 0x00
             00 00 00 00 00 00 00
             00 00
    000000D0 00 00 00 00 00 00 00    15     .db 0x00, 0x00, 0x00, 0x00, 0x00, 0x00, 0x00, 0x00, 0x00, 0x00, 0x00, 0x00, 0x00, 0x00, 0x00, 0x00
             00 00 00 00 00 00 00
             00 00
    000000E0 00 00 00 00 00 00 00    16     .db 0x00, 0x00, 0x00, 0x00, 0x00, 0x00, 0x00, 0x00, 0x00, 0x00, 0x00, 0x00, 0x00, 0x00, 0x00, 0x00
             00 00 00 00 00 00 00
             00 00
    000000F0 00 00 00 00 00 00 00    17     .db 0x00, 0x00, 0x00, 0x00, 0x00, 0x00, 0x00, 0x00, 0x00, 0x00, 0x00, 0x00, 0x00, 0x00, 0x00, 0x00
             00 00 00 00 00 00 00
             00 00
    00000100 00 00 00 00 00 00 00    18     .db 0x00, 0x00, 0x00, 0x00, 0x00, 0x00, 0x00, 0x00, 0x00, 0x00, 0x00, 0x00, 0x00, 0x00, 0x00, 0x00
             00 00 00 00 00 00 00
             00 00
    00000110 00 00 00 00 00 00 00    19     .db 0x00, 0x00, 0x00, 0x00, 0x00, 0x00, 0x00, 0x00, 0x00, 0x00, 0x00, 0x00, 0x00, 0x00, 0x00, 0x00
             00 00 00 00 00 00 00
             00 00
ASxxxx Assembler V02.00 + NoICE + SDCC mods  (GameBoy Z80-like CPU), page 2.
Hexadecimal [32-Bits]



    00000120 00 00 00 00 00 00 00    20     .db 0x00, 0x00, 0x00, 0x00, 0x00, 0x00, 0x00, 0x00, 0x00, 0x00, 0x00, 0x00, 0x00, 0x00, 0x00, 0x00
             00 00 00 00 00 00 00
             00 00
    00000130 00 00 00 00 00 00 00    21     .db 0x00, 0x00, 0x00, 0x00, 0x00, 0x00, 0x00, 0x00, 0x00, 0x00, 0x00, 0x00, 0x00, 0x00, 0x00, 0x00
             00 00 00 00 00 00 00
             00 00
    00000140 00 00 00 00 00 00 00    22     .db 0x00, 0x00, 0x00, 0x00, 0x00, 0x00, 0x00, 0x00, 0x00, 0x00, 0x00, 0x00, 0x00, 0x00, 0x00, 0x00
             00 00 00 00 00 00 00
             00 00
    00000150 00 00 00 00 00 00 00    23     .db 0x00, 0x00, 0x00, 0x00, 0x00, 0x00, 0x00, 0x00, 0x00, 0x00, 0x00, 0x00, 0x00, 0x00, 0x00, 0x00
             00 00 00 00 00 00 00
             00 00
    00000160 00 00 00 00 00 00 00    24     .db 0x00, 0x00, 0x00, 0x00, 0x00, 0x00, 0x00, 0x00, 0x00, 0x00, 0x00, 0x00, 0x00, 0x00, 0x00, 0x00
             00 00 00 00 00 00 00
             00 00
    00000170 00 00 00 00 00 00 00    25     .db 0x00, 0x00, 0x00, 0x00, 0x00, 0x00, 0x00, 0x00, 0x00, 0x00, 0x00, 0x00, 0x00, 0x00, 0x00, 0x00
             00 00 00 00 00 00 00
             00 00
    00000180 00 00 00 00 00 00 00    26     .db 0x00, 0x00, 0x00, 0x00, 0x00, 0x00, 0x00, 0x00, 0x00, 0x00, 0x00, 0x00, 0x00, 0x00, 0x00, 0x00
             00 00 00 00 00 00 00
             00 00
    00000190 00 00 00 00 00 00 00    27     .db 0x00, 0x00, 0x00, 0x00, 0x00, 0x00, 0x00, 0x00, 0x00, 0x00, 0x00, 0x00, 0x00, 0x00, 0x00, 0x00
             00 00 00 00 00 00 00
             00 00
    000001A0 00 00 00 00 00 00 00    28     .db 0x00, 0x00, 0x00, 0x00, 0x00, 0x00, 0x00, 0x00, 0x00, 0x00, 0x00, 0x00, 0x00, 0x00, 0x00, 0x00
             00 00 00 00 00 00 00
             00 00
    000001B0 00 00 00 00 00 00 00    29     .db 0x00, 0x00, 0x00, 0x00, 0x00, 0x00, 0x00, 0x00, 0x00, 0x00, 0x00, 0x00, 0x00, 0x00, 0x00, 0x00
             00 00 00 00 00 00 00
             00 00
    000001C0 00 00 00 00 00 00 00    30     .db 0x00, 0x00, 0x00, 0x00, 0x00, 0x00, 0x00, 0x00, 0x00, 0x00, 0x00, 0x00, 0x00, 0x00, 0x00, 0x00
             00 00 00 00 00 00 00
             00 00
    000001D0 00 00 00 00 00 00 00    31     .db 0x00, 0x00, 0x00, 0x00, 0x00, 0x00, 0x00, 0x00, 0x00, 0x00, 0x00, 0x00, 0x00, 0x00, 0x00, 0x00
             00 00 00 00 00 00 00
             00 00
    000001E0 00 00 00 00 00 00 00    32     .db 0x00, 0x00, 0x00, 0x00, 0x00, 0x00, 0x00, 0x00, 0x00, 0x00, 0x00, 0x00, 0x00, 0x00, 0x00, 0x00
             00 00 00 00 00 00 00
             00 00
    000001F0 00 00 00 00 00 00 00    33     .db 0x00, 0x00, 0x00, 0x00, 0x00, 0x00, 0x00, 0x00, 0x00, 0x00, 0x00, 0x00, 0x00, 0x00, 0x00, 0x00
             00 00 00 00 00 00 00
             00 00
    00000200 00 00 00 00 00 00 00    34     .db 0x00, 0x00, 0x00, 0x00, 0x00, 0x00, 0x00, 0x00, 0x00, 0x00, 0x00, 0x00, 0x00, 0x00, 0x00, 0x00
             00 00 00 00 00 00 00
             00 00
    00000210 00 00 08 08 08 08 08    35     .db 0x00, 0x00, 0x08, 0x08, 0x08, 0x08, 0x08, 0x08, 0x08, 0x08, 0x00, 0x00, 0x08, 0x08, 0x00, 0x00
             08 08 08 00 00 08 08
             00 00
    00000220 00 00 36 36 12 12 12    36     .db 0x00, 0x00, 0x36, 0x36, 0x12, 0x12, 0x12, 0x12, 0x00, 0x00, 0x00, 0x00, 0x00, 0x00, 0x00, 0x00
             12 00 00 00 00 00 00
             00 00
    00000230 00 00 24 24 7E 7E 24    37     .db 0x00, 0x00, 0x24, 0x24, 0x7E, 0x7E, 0x24, 0x24, 0x24, 0x24, 0x7E, 0x7E, 0x24, 0x24, 0x00, 0x00
             24 24 24 7E 7E 24 24
             00 00
    00000240 08 08 1E 1E 28 28 1C    38     .db 0x08, 0x08, 0x1E, 0x1E, 0x28, 0x28, 0x1C, 0x1C, 0x0A, 0x0A, 0x3C, 0x3C, 0x08, 0x08, 0x00, 0x00
ASxxxx Assembler V02.00 + NoICE + SDCC mods  (GameBoy Z80-like CPU), page 3.
Hexadecimal [32-Bits]



             1C 0A 0A 3C 3C 08 08
             00 00
    00000250 00 00 22 22 54 54 28    39     .db 0x00, 0x00, 0x22, 0x22, 0x54, 0x54, 0x28, 0x28, 0x14, 0x14, 0x2A, 0x2A, 0x44, 0x44, 0x00, 0x00
             28 14 14 2A 2A 44 44
             00 00
    00000260 00 00 18 18 24 24 30    40     .db 0x00, 0x00, 0x18, 0x18, 0x24, 0x24, 0x30, 0x30, 0x44, 0x44, 0x46, 0x46, 0x38, 0x38, 0x00, 0x00
             30 44 44 46 46 38 38
             00 00
    00000270 00 00 18 18 08 08 08    41     .db 0x00, 0x00, 0x18, 0x18, 0x08, 0x08, 0x08, 0x08, 0x00, 0x00, 0x00, 0x00, 0x00, 0x00, 0x00, 0x00
             08 00 00 00 00 00 00
             00 00
    00000280 00 00 08 08 10 10 10    42     .db 0x00, 0x00, 0x08, 0x08, 0x10, 0x10, 0x10, 0x10, 0x10, 0x10, 0x10, 0x10, 0x08, 0x08, 0x00, 0x00
             10 10 10 10 10 08 08
             00 00
    00000290 00 00 10 10 08 08 08    43     .db 0x00, 0x00, 0x10, 0x10, 0x08, 0x08, 0x08, 0x08, 0x08, 0x08, 0x08, 0x08, 0x10, 0x10, 0x00, 0x00
             08 08 08 08 08 10 10
             00 00
    000002A0 00 00 22 22 14 14 08    44     .db 0x00, 0x00, 0x22, 0x22, 0x14, 0x14, 0x08, 0x08, 0x14, 0x14, 0x22, 0x22, 0x00, 0x00, 0x00, 0x00
             08 14 14 22 22 00 00
             00 00
    000002B0 00 00 08 08 08 08 3E    45     .db 0x00, 0x00, 0x08, 0x08, 0x08, 0x08, 0x3E, 0x3E, 0x08, 0x08, 0x08, 0x08, 0x00, 0x00, 0x00, 0x00
             3E 08 08 08 08 00 00
             00 00
    000002C0 00 00 00 00 00 00 00    46     .db 0x00, 0x00, 0x00, 0x00, 0x00, 0x00, 0x00, 0x00, 0x18, 0x18, 0x08, 0x08, 0x08, 0x08, 0x00, 0x00
             00 18 18 08 08 08 08
             00 00
    000002D0 00 00 00 00 00 00 3E    47     .db 0x00, 0x00, 0x00, 0x00, 0x00, 0x00, 0x3E, 0x3E, 0x00, 0x00, 0x00, 0x00, 0x00, 0x00, 0x00, 0x00
             3E 00 00 00 00 00 00
             00 00
    000002E0 00 00 00 00 00 00 00    48     .db 0x00, 0x00, 0x00, 0x00, 0x00, 0x00, 0x00, 0x00, 0x00, 0x00, 0x08, 0x08, 0x00, 0x00, 0x00, 0x00
             00 00 00 08 08 00 00
             00 00
    000002F0 00 00 02 02 04 04 08    49     .db 0x00, 0x00, 0x02, 0x02, 0x04, 0x04, 0x08, 0x08, 0x10, 0x10, 0x20, 0x20, 0x40, 0x40, 0x00, 0x00
             08 10 10 20 20 40 40
             00 00
    00000300 00 00 3C 3C 46 46 46    50     .db 0x00, 0x00, 0x3C, 0x3C, 0x46, 0x46, 0x46, 0x46, 0x46, 0x46, 0x46, 0x46, 0x3C, 0x3C, 0x00, 0x00
             46 46 46 46 46 3C 3C
             00 00
    00000310 00 00 38 38 18 18 18    51     .db 0x00, 0x00, 0x38, 0x38, 0x18, 0x18, 0x18, 0x18, 0x18, 0x18, 0x18, 0x18, 0x18, 0x18, 0x00, 0x00
             18 18 18 18 18 18 18
             00 00
    00000320 00 00 7C 7C 06 06 3C    52     .db 0x00, 0x00, 0x7C, 0x7C, 0x06, 0x06, 0x3C, 0x3C, 0x60, 0x60, 0x60, 0x60, 0x7E, 0x7E, 0x00, 0x00
             3C 60 60 60 60 7E 7E
             00 00
    00000330 00 00 78 78 0C 0C 7C    53     .db 0x00, 0x00, 0x78, 0x78, 0x0C, 0x0C, 0x7C, 0x7C, 0x06, 0x06, 0x06, 0x06, 0x7C, 0x7C, 0x00, 0x00
             7C 06 06 06 06 7C 7C
             00 00
    00000340 00 00 4C 4C 4C 4C 4C    54     .db 0x00, 0x00, 0x4C, 0x4C, 0x4C, 0x4C, 0x4C, 0x4C, 0x4C, 0x4C, 0x7E, 0x7E, 0x0C, 0x0C, 0x00, 0x00
             4C 4C 4C 7E 7E 0C 0C
             00 00
    00000350 00 00 7C 7C 40 40 7C    55     .db 0x00, 0x00, 0x7C, 0x7C, 0x40, 0x40, 0x7C, 0x7C, 0x06, 0x06, 0x06, 0x06, 0x7C, 0x7C, 0x00, 0x00
             7C 06 06 06 06 7C 7C
             00 00
    00000360 00 00 3C 3C 40 40 7C    56     .db 0x00, 0x00, 0x3C, 0x3C, 0x40, 0x40, 0x7C, 0x7C, 0x46, 0x46, 0x46, 0x46, 0x3C, 0x3C, 0x00, 0x00
             7C 46 46 46 46 3C 3C
ASxxxx Assembler V02.00 + NoICE + SDCC mods  (GameBoy Z80-like CPU), page 4.
Hexadecimal [32-Bits]



             00 00
    00000370 00 00 7E 7E 06 06 06    57     .db 0x00, 0x00, 0x7E, 0x7E, 0x06, 0x06, 0x06, 0x06, 0x06, 0x06, 0x06, 0x06, 0x06, 0x06, 0x00, 0x00
             06 06 06 06 06 06 06
             00 00
    00000380 00 00 3C 3C 46 46 3C    58     .db 0x00, 0x00, 0x3C, 0x3C, 0x46, 0x46, 0x3C, 0x3C, 0x46, 0x46, 0x46, 0x46, 0x3C, 0x3C, 0x00, 0x00
             3C 46 46 46 46 3C 3C
             00 00
    00000390 00 00 3C 3C 46 46 46    59     .db 0x00, 0x00, 0x3C, 0x3C, 0x46, 0x46, 0x46, 0x46, 0x3E, 0x3E, 0x06, 0x06, 0x3C, 0x3C, 0x00, 0x00
             46 3E 3E 06 06 3C 3C
             00 00
    000003A0 00 00 18 18 18 18 00    60     .db 0x00, 0x00, 0x18, 0x18, 0x18, 0x18, 0x00, 0x00, 0x00, 0x00, 0x18, 0x18, 0x18, 0x18, 0x00, 0x00
             00 00 00 18 18 18 18
             00 00
    000003B0 00 00 18 18 18 18 00    61     .db 0x00, 0x00, 0x18, 0x18, 0x18, 0x18, 0x00, 0x00, 0x18, 0x18, 0x08, 0x08, 0x08, 0x08, 0x00, 0x00
             00 18 18 08 08 08 08
             00 00
    000003C0 00 00 00 00 04 04 08    62     .db 0x00, 0x00, 0x00, 0x00, 0x04, 0x04, 0x08, 0x08, 0x10, 0x10, 0x08, 0x08, 0x04, 0x04, 0x00, 0x00
             08 10 10 08 08 04 04
             00 00
    000003D0 00 00 00 00 3E 3E 00    63     .db 0x00, 0x00, 0x00, 0x00, 0x3E, 0x3E, 0x00, 0x00, 0x3E, 0x3E, 0x00, 0x00, 0x00, 0x00, 0x00, 0x00
             00 3E 3E 00 00 00 00
             00 00
    000003E0 00 00 00 00 20 20 10    64     .db 0x00, 0x00, 0x00, 0x00, 0x20, 0x20, 0x10, 0x10, 0x08, 0x08, 0x10, 0x10, 0x20, 0x20, 0x00, 0x00
             10 08 08 10 10 20 20
             00 00
    000003F0 00 00 1C 1C 22 22 22    65     .db 0x00, 0x00, 0x1C, 0x1C, 0x22, 0x22, 0x22, 0x22, 0x0C, 0x0C, 0x00, 0x00, 0x08, 0x08, 0x00, 0x00
             22 0C 0C 00 00 08 08
             00 00
    00000400 3C 3C 42 42 99 99 A5    66     .db 0x3C, 0x3C, 0x42, 0x42, 0x99, 0x99, 0xA5, 0xA5, 0x9E, 0x9E, 0x40, 0x40, 0x3F, 0x3F, 0x00, 0x00
             A5 9E 9E 40 40 3F 3F
             00 00
    00000410 00 00 3C 3C 42 42 42    67     .db 0x00, 0x00, 0x3C, 0x3C, 0x42, 0x42, 0x42, 0x42, 0x7E, 0x7E, 0x42, 0x42, 0x42, 0x42, 0x00, 0x00
             42 7E 7E 42 42 42 42
             00 00
    00000420 00 00 7C 7C 42 42 7C    68     .db 0x00, 0x00, 0x7C, 0x7C, 0x42, 0x42, 0x7C, 0x7C, 0x42, 0x42, 0x42, 0x42, 0x7C, 0x7C, 0x00, 0x00
             7C 42 42 42 42 7C 7C
             00 00
    00000430 00 00 3E 3E 40 40 40    69     .db 0x00, 0x00, 0x3E, 0x3E, 0x40, 0x40, 0x40, 0x40, 0x40, 0x40, 0x40, 0x40, 0x3E, 0x3E, 0x00, 0x00
             40 40 40 40 40 3E 3E
             00 00
    00000440 00 00 7C 7C 42 42 42    70     .db 0x00, 0x00, 0x7C, 0x7C, 0x42, 0x42, 0x42, 0x42, 0x42, 0x42, 0x42, 0x42, 0x7C, 0x7C, 0x00, 0x00
             42 42 42 42 42 7C 7C
             00 00
    00000450 00 00 7E 7E 40 40 7E    71     .db 0x00, 0x00, 0x7E, 0x7E, 0x40, 0x40, 0x7E, 0x7E, 0x40, 0x40, 0x40, 0x40, 0x7E, 0x7E, 0x00, 0x00
             7E 40 40 40 40 7E 7E
             00 00
    00000460 00 00 7E 7E 40 40 7E    72     .db 0x00, 0x00, 0x7E, 0x7E, 0x40, 0x40, 0x7E, 0x7E, 0x40, 0x40, 0x40, 0x40, 0x40, 0x40, 0x00, 0x00
             7E 40 40 40 40 40 40
             00 00
    00000470 00 00 3E 3E 40 40 4E    73     .db 0x00, 0x00, 0x3E, 0x3E, 0x40, 0x40, 0x4E, 0x4E, 0x42, 0x42, 0x42, 0x42, 0x3E, 0x3E, 0x00, 0x00
             4E 42 42 42 42 3E 3E
             00 00
    00000480 00 00 42 42 42 42 7E    74     .db 0x00, 0x00, 0x42, 0x42, 0x42, 0x42, 0x7E, 0x7E, 0x42, 0x42, 0x42, 0x42, 0x42, 0x42, 0x00, 0x00
             7E 42 42 42 42 42 42
             00 00
ASxxxx Assembler V02.00 + NoICE + SDCC mods  (GameBoy Z80-like CPU), page 5.
Hexadecimal [32-Bits]



    00000490 00 00 1C 1C 08 08 08    75     .db 0x00, 0x00, 0x1C, 0x1C, 0x08, 0x08, 0x08, 0x08, 0x08, 0x08, 0x08, 0x08, 0x1C, 0x1C, 0x00, 0x00
             08 08 08 08 08 1C 1C
             00 00
    000004A0 00 00 0E 0E 04 04 04    76     .db 0x00, 0x00, 0x0E, 0x0E, 0x04, 0x04, 0x04, 0x04, 0x44, 0x44, 0x44, 0x44, 0x38, 0x38, 0x00, 0x00
             04 44 44 44 44 38 38
             00 00
    000004B0 00 00 42 42 44 44 48    77     .db 0x00, 0x00, 0x42, 0x42, 0x44, 0x44, 0x48, 0x48, 0x58, 0x58, 0x64, 0x64, 0x42, 0x42, 0x00, 0x00
             48 58 58 64 64 42 42
             00 00
    000004C0 00 00 40 40 40 40 40    78     .db 0x00, 0x00, 0x40, 0x40, 0x40, 0x40, 0x40, 0x40, 0x40, 0x40, 0x40, 0x40, 0x7E, 0x7E, 0x00, 0x00
             40 40 40 40 40 7E 7E
             00 00
    000004D0 00 00 42 42 66 66 5A    79     .db 0x00, 0x00, 0x42, 0x42, 0x66, 0x66, 0x5A, 0x5A, 0x42, 0x42, 0x42, 0x42, 0x42, 0x42, 0x00, 0x00
             5A 42 42 42 42 42 42
             00 00
    000004E0 00 00 42 42 62 62 52    80     .db 0x00, 0x00, 0x42, 0x42, 0x62, 0x62, 0x52, 0x52, 0x4A, 0x4A, 0x46, 0x46, 0x42, 0x42, 0x00, 0x00
             52 4A 4A 46 46 42 42
             00 00
    000004F0 00 00 3C 3C 42 42 42    81     .db 0x00, 0x00, 0x3C, 0x3C, 0x42, 0x42, 0x42, 0x42, 0x42, 0x42, 0x42, 0x42, 0x3C, 0x3C, 0x00, 0x00
             42 42 42 42 42 3C 3C
             00 00
    00000500 00 00 7C 7C 42 42 42    82     .db 0x00, 0x00, 0x7C, 0x7C, 0x42, 0x42, 0x42, 0x42, 0x7C, 0x7C, 0x40, 0x40, 0x40, 0x40, 0x00, 0x00
             42 7C 7C 40 40 40 40
             00 00
    00000510 00 00 3C 3C 42 42 42    83     .db 0x00, 0x00, 0x3C, 0x3C, 0x42, 0x42, 0x42, 0x42, 0x4A, 0x4A, 0x44, 0x44, 0x3A, 0x3A, 0x00, 0x00
             42 4A 4A 44 44 3A 3A
             00 00
    00000520 00 00 7C 7C 42 42 42    84     .db 0x00, 0x00, 0x7C, 0x7C, 0x42, 0x42, 0x42, 0x42, 0x7C, 0x7C, 0x44, 0x44, 0x42, 0x42, 0x00, 0x00
             42 7C 7C 44 44 42 42
             00 00
    00000530 00 00 3E 3E 40 40 3C    85     .db 0x00, 0x00, 0x3E, 0x3E, 0x40, 0x40, 0x3C, 0x3C, 0x02, 0x02, 0x02, 0x02, 0x7C, 0x7C, 0x00, 0x00
             3C 02 02 02 02 7C 7C
             00 00
    00000540 00 00 3E 3E 08 08 08    86     .db 0x00, 0x00, 0x3E, 0x3E, 0x08, 0x08, 0x08, 0x08, 0x08, 0x08, 0x08, 0x08, 0x08, 0x08, 0x00, 0x00
             08 08 08 08 08 08 08
             00 00
    00000550 00 00 42 42 42 42 42    87     .db 0x00, 0x00, 0x42, 0x42, 0x42, 0x42, 0x42, 0x42, 0x42, 0x42, 0x42, 0x42, 0x3C, 0x3C, 0x00, 0x00
             42 42 42 42 42 3C 3C
             00 00
    00000560 00 00 42 42 42 42 42    88     .db 0x00, 0x00, 0x42, 0x42, 0x42, 0x42, 0x42, 0x42, 0x24, 0x24, 0x24, 0x24, 0x18, 0x18, 0x00, 0x00
             42 24 24 24 24 18 18
             00 00
    00000570 00 00 42 42 42 42 42    89     .db 0x00, 0x00, 0x42, 0x42, 0x42, 0x42, 0x42, 0x42, 0x5A, 0x5A, 0x66, 0x66, 0x42, 0x42, 0x00, 0x00
             42 5A 5A 66 66 42 42
             00 00
    00000580 00 00 42 42 24 24 18    90     .db 0x00, 0x00, 0x42, 0x42, 0x24, 0x24, 0x18, 0x18, 0x18, 0x18, 0x24, 0x24, 0x42, 0x42, 0x00, 0x00
             18 18 18 24 24 42 42
             00 00
    00000590 00 00 22 22 14 14 08    91     .db 0x00, 0x00, 0x22, 0x22, 0x14, 0x14, 0x08, 0x08, 0x08, 0x08, 0x08, 0x08, 0x08, 0x08, 0x00, 0x00
             08 08 08 08 08 08 08
             00 00
    000005A0 00 00 7E 7E 04 04 08    92     .db 0x00, 0x00, 0x7E, 0x7E, 0x04, 0x04, 0x08, 0x08, 0x10, 0x10, 0x20, 0x20, 0x7E, 0x7E, 0x00, 0x00
             08 10 10 20 20 7E 7E
             00 00
    000005B0 00 00 18 18 10 10 10    93     .db 0x00, 0x00, 0x18, 0x18, 0x10, 0x10, 0x10, 0x10, 0x10, 0x10, 0x10, 0x10, 0x18, 0x18, 0x00, 0x00
ASxxxx Assembler V02.00 + NoICE + SDCC mods  (GameBoy Z80-like CPU), page 6.
Hexadecimal [32-Bits]



             10 10 10 10 10 18 18
             00 00
    000005C0 00 00 40 40 20 20 10    94     .db 0x00, 0x00, 0x40, 0x40, 0x20, 0x20, 0x10, 0x10, 0x08, 0x08, 0x04, 0x04, 0x02, 0x02, 0x00, 0x00
             10 08 08 04 04 02 02
             00 00
    000005D0 00 00 18 18 08 08 08    95     .db 0x00, 0x00, 0x18, 0x18, 0x08, 0x08, 0x08, 0x08, 0x08, 0x08, 0x08, 0x08, 0x18, 0x18, 0x00, 0x00
             08 08 08 08 08 18 18
             00 00
    000005E0 00 00 08 08 14 14 22    96     .db 0x00, 0x00, 0x08, 0x08, 0x14, 0x14, 0x22, 0x22, 0x00, 0x00, 0x00, 0x00, 0x00, 0x00, 0x00, 0x00
             22 00 00 00 00 00 00
             00 00
    000005F0 00 00 00 00 00 00 00    97     .db 0x00, 0x00, 0x00, 0x00, 0x00, 0x00, 0x00, 0x00, 0x00, 0x00, 0x00, 0x00, 0xFF, 0xFF, 0x00, 0x00
             00 00 00 00 00 FF FF
             00 00
    00000600 00 00 18 18 10 10 10    98     .db 0x00, 0x00, 0x18, 0x18, 0x10, 0x10, 0x10, 0x10, 0x00, 0x00, 0x00, 0x00, 0x00, 0x00, 0x00, 0x00
             10 00 00 00 00 00 00
             00 00
    00000610 00 00 00 00 1C 1C 02    99     .db 0x00, 0x00, 0x00, 0x00, 0x1C, 0x1C, 0x02, 0x02, 0x1E, 0x1E, 0x22, 0x22, 0x1E, 0x1E, 0x00, 0x00
             02 1E 1E 22 22 1E 1E
             00 00
    00000620 00 00 20 20 20 20 2C   100     .db 0x00, 0x00, 0x20, 0x20, 0x20, 0x20, 0x2C, 0x2C, 0x32, 0x32, 0x22, 0x22, 0x3C, 0x3C, 0x00, 0x00
             2C 32 32 22 22 3C 3C
             00 00
    00000630 00 00 00 00 1E 1E 20   101     .db 0x00, 0x00, 0x00, 0x00, 0x1E, 0x1E, 0x20, 0x20, 0x20, 0x20, 0x20, 0x20, 0x1E, 0x1E, 0x00, 0x00
             20 20 20 20 20 1E 1E
             00 00
    00000640 00 00 02 02 02 02 1A   102     .db 0x00, 0x00, 0x02, 0x02, 0x02, 0x02, 0x1A, 0x1A, 0x26, 0x26, 0x22, 0x22, 0x1E, 0x1E, 0x00, 0x00
             1A 26 26 22 22 1E 1E
             00 00
    00000650 00 00 00 00 1C 1C 22   103     .db 0x00, 0x00, 0x00, 0x00, 0x1C, 0x1C, 0x22, 0x22, 0x3C, 0x3C, 0x20, 0x20, 0x1E, 0x1E, 0x00, 0x00
             22 3C 3C 20 20 1E 1E
             00 00
    00000660 00 00 0C 0C 10 10 3C   104     .db 0x00, 0x00, 0x0C, 0x0C, 0x10, 0x10, 0x3C, 0x3C, 0x10, 0x10, 0x10, 0x10, 0x10, 0x10, 0x00, 0x00
             3C 10 10 10 10 10 10
             00 00
    00000670 00 00 00 00 1E 1E 22   105     .db 0x00, 0x00, 0x00, 0x00, 0x1E, 0x1E, 0x22, 0x22, 0x1E, 0x1E, 0x02, 0x02, 0x3C, 0x3C, 0x00, 0x00
             22 1E 1E 02 02 3C 3C
             00 00
    00000680 00 00 20 20 20 20 2C   106     .db 0x00, 0x00, 0x20, 0x20, 0x20, 0x20, 0x2C, 0x2C, 0x32, 0x32, 0x22, 0x22, 0x22, 0x22, 0x00, 0x00
             2C 32 32 22 22 22 22
             00 00
    00000690 00 00 08 08 00 00 08   107     .db 0x00, 0x00, 0x08, 0x08, 0x00, 0x00, 0x08, 0x08, 0x08, 0x08, 0x08, 0x08, 0x08, 0x08, 0x00, 0x00
             08 08 08 08 08 08 08
             00 00
    000006A0 00 00 04 04 00 00 04   108     .db 0x00, 0x00, 0x04, 0x04, 0x00, 0x00, 0x04, 0x04, 0x04, 0x04, 0x24, 0x24, 0x18, 0x18, 0x00, 0x00
             04 04 04 24 24 18 18
             00 00
    000006B0 00 00 20 20 22 22 24   109     .db 0x00, 0x00, 0x20, 0x20, 0x22, 0x22, 0x24, 0x24, 0x28, 0x28, 0x34, 0x34, 0x22, 0x22, 0x00, 0x00
             24 28 28 34 34 22 22
             00 00
    000006C0 00 00 10 10 08 08 08   110     .db 0x00, 0x00, 0x10, 0x10, 0x08, 0x08, 0x08, 0x08, 0x08, 0x08, 0x08, 0x08, 0x0C, 0x0C, 0x00, 0x00
             08 08 08 08 08 0C 0C
             00 00
    000006D0 00 00 00 00 34 34 2A   111     .db 0x00, 0x00, 0x00, 0x00, 0x34, 0x34, 0x2A, 0x2A, 0x2A, 0x2A, 0x2A, 0x2A, 0x2A, 0x2A, 0x00, 0x00
             2A 2A 2A 2A 2A 2A 2A
ASxxxx Assembler V02.00 + NoICE + SDCC mods  (GameBoy Z80-like CPU), page 7.
Hexadecimal [32-Bits]



             00 00
    000006E0 00 00 00 00 2C 2C 32   112     .db 0x00, 0x00, 0x00, 0x00, 0x2C, 0x2C, 0x32, 0x32, 0x22, 0x22, 0x22, 0x22, 0x22, 0x22, 0x00, 0x00
             32 22 22 22 22 22 22
             00 00
    000006F0 00 00 00 00 1C 1C 22   113     .db 0x00, 0x00, 0x00, 0x00, 0x1C, 0x1C, 0x22, 0x22, 0x22, 0x22, 0x22, 0x22, 0x1C, 0x1C, 0x00, 0x00
             22 22 22 22 22 1C 1C
             00 00
    00000700 00 00 00 00 3C 3C 22   114     .db 0x00, 0x00, 0x00, 0x00, 0x3C, 0x3C, 0x22, 0x22, 0x32, 0x32, 0x2C, 0x2C, 0x20, 0x20, 0x00, 0x00
             22 32 32 2C 2C 20 20
             00 00
    00000710 00 00 00 00 1E 1E 22   115     .db 0x00, 0x00, 0x00, 0x00, 0x1E, 0x1E, 0x22, 0x22, 0x26, 0x26, 0x1A, 0x1A, 0x02, 0x02, 0x00, 0x00
             22 26 26 1A 1A 02 02
             00 00
    00000720 00 00 00 00 20 20 2C   116     .db 0x00, 0x00, 0x00, 0x00, 0x20, 0x20, 0x2C, 0x2C, 0x32, 0x32, 0x20, 0x20, 0x20, 0x20, 0x00, 0x00
             2C 32 32 20 20 20 20
             00 00
    00000730 00 00 00 00 1E 1E 20   117     .db 0x00, 0x00, 0x00, 0x00, 0x1E, 0x1E, 0x20, 0x20, 0x1C, 0x1C, 0x02, 0x02, 0x3C, 0x3C, 0x00, 0x00
             20 1C 1C 02 02 3C 3C
             00 00
    00000740 00 00 08 08 3E 3E 08   118     .db 0x00, 0x00, 0x08, 0x08, 0x3E, 0x3E, 0x08, 0x08, 0x08, 0x08, 0x08, 0x08, 0x06, 0x06, 0x00, 0x00
             08 08 08 08 08 06 06
             00 00
    00000750 00 00 00 00 22 22 22   119     .db 0x00, 0x00, 0x00, 0x00, 0x22, 0x22, 0x22, 0x22, 0x22, 0x22, 0x26, 0x26, 0x1A, 0x1A, 0x00, 0x00
             22 22 22 26 26 1A 1A
             00 00
    00000760 00 00 00 00 22 22 14   120     .db 0x00, 0x00, 0x00, 0x00, 0x22, 0x22, 0x14, 0x14, 0x14, 0x14, 0x08, 0x08, 0x08, 0x08, 0x00, 0x00
             14 14 14 08 08 08 08
             00 00
    00000770 00 00 00 00 2A 2A 2A   121     .db 0x00, 0x00, 0x00, 0x00, 0x2A, 0x2A, 0x2A, 0x2A, 0x2A, 0x2A, 0x14, 0x14, 0x14, 0x14, 0x00, 0x00
             2A 2A 2A 14 14 14 14
             00 00
    00000780 00 00 00 00 22 22 14   122     .db 0x00, 0x00, 0x00, 0x00, 0x22, 0x22, 0x14, 0x14, 0x08, 0x08, 0x14, 0x14, 0x22, 0x22, 0x00, 0x00
             14 08 08 14 14 22 22
             00 00
    00000790 00 00 00 00 22 22 14   123     .db 0x00, 0x00, 0x00, 0x00, 0x22, 0x22, 0x14, 0x14, 0x08, 0x08, 0x10, 0x10, 0x20, 0x20, 0x00, 0x00
             14 08 08 10 10 20 20
             00 00
    000007A0 00 00 00 00 3E 3E 04   124     .db 0x00, 0x00, 0x00, 0x00, 0x3E, 0x3E, 0x04, 0x04, 0x08, 0x08, 0x10, 0x10, 0x3E, 0x3E, 0x00, 0x00
             04 08 08 10 10 3E 3E
             00 00
    000007B0 08 08 10 10 10 10 20   125     .db 0x08, 0x08, 0x10, 0x10, 0x10, 0x10, 0x20, 0x20, 0x10, 0x10, 0x10, 0x10, 0x08, 0x08, 0x00, 0x00
             20 10 10 10 10 08 08
             00 00
    000007C0 00 00 08 08 08 08 08   126     .db 0x00, 0x00, 0x08, 0x08, 0x08, 0x08, 0x08, 0x08, 0x08, 0x08, 0x08, 0x08, 0x08, 0x08, 0x00, 0x00
             08 08 08 08 08 08 08
             00 00
    000007D0 10 10 08 08 08 08 04   127     .db 0x10, 0x10, 0x08, 0x08, 0x08, 0x08, 0x04, 0x04, 0x08, 0x08, 0x08, 0x08, 0x10, 0x10, 0x00, 0x00
             04 08 08 08 08 10 10
             00 00
    000007E0 00 00 32 32 4C 4C 00   128     .db 0x00, 0x00, 0x32, 0x32, 0x4C, 0x4C, 0x00, 0x00, 0x00, 0x00, 0x00, 0x00, 0x00, 0x00, 0x00, 0x00
             00 00 00 00 00 00 00
             00 00
    000007F0 FF FF FF FF FF FF FF   129     .db 0xFF, 0xFF, 0xFF, 0xFF, 0xFF, 0xFF, 0xFF, 0xFF, 0xFF, 0xFF, 0xFF, 0xFF, 0xFF, 0xFF, 0xFF, 0xFF
             FF FF FF FF FF FF FF
             FF FF
ASxxxx Assembler V02.00 + NoICE + SDCC mods  (GameBoy Z80-like CPU), page 8.
Hexadecimal [32-Bits]

Symbol Table

    .__.$$$.=   00002710 L   |     .__.ABS.=   00000000 G   |     .__.CPU.=   00000000 L
    .__.H$L.=   00000000 L   |   0 _bg_tile    00000000 GR

ASxxxx Assembler V02.00 + NoICE + SDCC mods  (GameBoy Z80-like CPU), page 9.
Hexadecimal [32-Bits]

Area Table

   0 _CODE      size      800   flags    0

