ASxxxx Assembler V02.00 + NoICE + SDCC mods  (GameBoy Z80-like CPU), page 1.
Hexadecimal [32-Bits]



                                      1 
    00000000                          2 _pixel_scale_table::
    00000000 00 00 00 03 00 0C 00     3     .db 0x00, 0x00, 0x00, 0x03, 0x00, 0x0C, 0x00, 0x0F, 0x00, 0x30, 0x00, 0x33, 0x00, 0x3C, 0x00, 0x3F
             0F 00 30 00 33 00 3C
             00 3F
    00000010 00 C0 00 C3 00 CC 00     4     .db 0x00, 0xC0, 0x00, 0xC3, 0x00, 0xCC, 0x00, 0xCF, 0x00, 0xF0, 0x00, 0xF3, 0x00, 0xFC, 0x00, 0xFF
             CF 00 F0 00 F3 00 FC
             00 FF
    00000020 03 00 03 03 03 0C 03     5     .db 0x03, 0x00, 0x03, 0x03, 0x03, 0x0C, 0x03, 0x0F, 0x03, 0x30, 0x03, 0x33, 0x03, 0x3C, 0x03, 0x3F
             0F 03 30 03 33 03 3C
             03 3F
    00000030 03 C0 03 C3 03 CC 03     6     .db 0x03, 0xC0, 0x03, 0xC3, 0x03, 0xCC, 0x03, 0xCF, 0x03, 0xF0, 0x03, 0xF3, 0x03, 0xFC, 0x03, 0xFF
             CF 03 F0 03 F3 03 FC
             03 FF
    00000040 0C 00 0C 03 0C 0C 0C     7     .db 0x0C, 0x00, 0x0C, 0x03, 0x0C, 0x0C, 0x0C, 0x0F, 0x0C, 0x30, 0x0C, 0x33, 0x0C, 0x3C, 0x0C, 0x3F
             0F 0C 30 0C 33 0C 3C
             0C 3F
    00000050 0C C0 0C C3 0C CC 0C     8     .db 0x0C, 0xC0, 0x0C, 0xC3, 0x0C, 0xCC, 0x0C, 0xCF, 0x0C, 0xF0, 0x0C, 0xF3, 0x0C, 0xFC, 0x0C, 0xFF
             CF 0C F0 0C F3 0C FC
             0C FF
    00000060 0F 00 0F 03 0F 0C 0F     9     .db 0x0F, 0x00, 0x0F, 0x03, 0x0F, 0x0C, 0x0F, 0x0F, 0x0F, 0x30, 0x0F, 0x33, 0x0F, 0x3C, 0x0F, 0x3F
             0F 0F 30 0F 33 0F 3C
             0F 3F
    00000070 0F C0 0F C3 0F CC 0F    10     .db 0x0F, 0xC0, 0x0F, 0xC3, 0x0F, 0xCC, 0x0F, 0xCF, 0x0F, 0xF0, 0x0F, 0xF3, 0x0F, 0xFC, 0x0F, 0xFF
             CF 0F F0 0F F3 0F FC
             0F FF
    00000080 30 00 30 03 30 0C 30    11     .db 0x30, 0x00, 0x30, 0x03, 0x30, 0x0C, 0x30, 0x0F, 0x30, 0x30, 0x30, 0x33, 0x30, 0x3C, 0x30, 0x3F
             0F 30 30 30 33 30 3C
             30 3F
    00000090 30 C0 30 C3 30 CC 30    12     .db 0x30, 0xC0, 0x30, 0xC3, 0x30, 0xCC, 0x30, 0xCF, 0x30, 0xF0, 0x30, 0xF3, 0x30, 0xFC, 0x30, 0xFF
             CF 30 F0 30 F3 30 FC
             30 FF
    000000A0 33 00 33 03 33 0C 33    13     .db 0x33, 0x00, 0x33, 0x03, 0x33, 0x0C, 0x33, 0x0F, 0x33, 0x30, 0x33, 0x33, 0x33, 0x3C, 0x33, 0x3F
             0F 33 30 33 33 33 3C
             33 3F
    000000B0 33 C0 33 C3 33 CC 33    14     .db 0x33, 0xC0, 0x33, 0xC3, 0x33, 0xCC, 0x33, 0xCF, 0x33, 0xF0, 0x33, 0xF3, 0x33, 0xFC, 0x33, 0xFF
             CF 33 F0 33 F3 33 FC
             33 FF
    000000C0 3C 00 3C 03 3C 0C 3C    15     .db 0x3C, 0x00, 0x3C, 0x03, 0x3C, 0x0C, 0x3C, 0x0F, 0x3C, 0x30, 0x3C, 0x33, 0x3C, 0x3C, 0x3C, 0x3F
             0F 3C 30 3C 33 3C 3C
             3C 3F
    000000D0 3C C0 3C C3 3C CC 3C    16     .db 0x3C, 0xC0, 0x3C, 0xC3, 0x3C, 0xCC, 0x3C, 0xCF, 0x3C, 0xF0, 0x3C, 0xF3, 0x3C, 0xFC, 0x3C, 0xFF
             CF 3C F0 3C F3 3C FC
             3C FF
    000000E0 3F 00 3F 03 3F 0C 3F    17     .db 0x3F, 0x00, 0x3F, 0x03, 0x3F, 0x0C, 0x3F, 0x0F, 0x3F, 0x30, 0x3F, 0x33, 0x3F, 0x3C, 0x3F, 0x3F
             0F 3F 30 3F 33 3F 3C
             3F 3F
    000000F0 3F C0 3F C3 3F CC 3F    18     .db 0x3F, 0xC0, 0x3F, 0xC3, 0x3F, 0xCC, 0x3F, 0xCF, 0x3F, 0xF0, 0x3F, 0xF3, 0x3F, 0xFC, 0x3F, 0xFF
             CF 3F F0 3F F3 3F FC
             3F FF
    00000100 C0 00 C0 03 C0 0C C0    19     .db 0xC0, 0x00, 0xC0, 0x03, 0xC0, 0x0C, 0xC0, 0x0F, 0xC0, 0x30, 0xC0, 0x33, 0xC0, 0x3C, 0xC0, 0x3F
             0F C0 30 C0 33 C0 3C
             C0 3F
    00000110 C0 C0 C0 C3 C0 CC C0    20     .db 0xC0, 0xC0, 0xC0, 0xC3, 0xC0, 0xCC, 0xC0, 0xCF, 0xC0, 0xF0, 0xC0, 0xF3, 0xC0, 0xFC, 0xC0, 0xFF
             CF C0 F0 C0 F3 C0 FC
ASxxxx Assembler V02.00 + NoICE + SDCC mods  (GameBoy Z80-like CPU), page 2.
Hexadecimal [32-Bits]



             C0 FF
    00000120 C3 00 C3 03 C3 0C C3    21     .db 0xC3, 0x00, 0xC3, 0x03, 0xC3, 0x0C, 0xC3, 0x0F, 0xC3, 0x30, 0xC3, 0x33, 0xC3, 0x3C, 0xC3, 0x3F
             0F C3 30 C3 33 C3 3C
             C3 3F
    00000130 C3 C0 C3 C3 C3 CC C3    22     .db 0xC3, 0xC0, 0xC3, 0xC3, 0xC3, 0xCC, 0xC3, 0xCF, 0xC3, 0xF0, 0xC3, 0xF3, 0xC3, 0xFC, 0xC3, 0xFF
             CF C3 F0 C3 F3 C3 FC
             C3 FF
    00000140 CC 00 CC 03 CC 0C CC    23     .db 0xCC, 0x00, 0xCC, 0x03, 0xCC, 0x0C, 0xCC, 0x0F, 0xCC, 0x30, 0xCC, 0x33, 0xCC, 0x3C, 0xCC, 0x3F
             0F CC 30 CC 33 CC 3C
             CC 3F
    00000150 CC C0 CC C3 CC CC CC    24     .db 0xCC, 0xC0, 0xCC, 0xC3, 0xCC, 0xCC, 0xCC, 0xCF, 0xCC, 0xF0, 0xCC, 0xF3, 0xCC, 0xFC, 0xCC, 0xFF
             CF CC F0 CC F3 CC FC
             CC FF
    00000160 CF 00 CF 03 CF 0C CF    25     .db 0xCF, 0x00, 0xCF, 0x03, 0xCF, 0x0C, 0xCF, 0x0F, 0xCF, 0x30, 0xCF, 0x33, 0xCF, 0x3C, 0xCF, 0x3F
             0F CF 30 CF 33 CF 3C
             CF 3F
    00000170 CF C0 CF C3 CF CC CF    26     .db 0xCF, 0xC0, 0xCF, 0xC3, 0xCF, 0xCC, 0xCF, 0xCF, 0xCF, 0xF0, 0xCF, 0xF3, 0xCF, 0xFC, 0xCF, 0xFF
             CF CF F0 CF F3 CF FC
             CF FF
    00000180 F0 00 F0 03 F0 0C F0    27     .db 0xF0, 0x00, 0xF0, 0x03, 0xF0, 0x0C, 0xF0, 0x0F, 0xF0, 0x30, 0xF0, 0x33, 0xF0, 0x3C, 0xF0, 0x3F
             0F F0 30 F0 33 F0 3C
             F0 3F
    00000190 F0 C0 F0 C3 F0 CC F0    28     .db 0xF0, 0xC0, 0xF0, 0xC3, 0xF0, 0xCC, 0xF0, 0xCF, 0xF0, 0xF0, 0xF0, 0xF3, 0xF0, 0xFC, 0xF0, 0xFF
             CF F0 F0 F0 F3 F0 FC
             F0 FF
    000001A0 F3 00 F3 03 F3 0C F3    29     .db 0xF3, 0x00, 0xF3, 0x03, 0xF3, 0x0C, 0xF3, 0x0F, 0xF3, 0x30, 0xF3, 0x33, 0xF3, 0x3C, 0xF3, 0x3F
             0F F3 30 F3 33 F3 3C
             F3 3F
    000001B0 F3 C0 F3 C3 F3 CC F3    30     .db 0xF3, 0xC0, 0xF3, 0xC3, 0xF3, 0xCC, 0xF3, 0xCF, 0xF3, 0xF0, 0xF3, 0xF3, 0xF3, 0xFC, 0xF3, 0xFF
             CF F3 F0 F3 F3 F3 FC
             F3 FF
    000001C0 FC 00 FC 03 FC 0C FC    31     .db 0xFC, 0x00, 0xFC, 0x03, 0xFC, 0x0C, 0xFC, 0x0F, 0xFC, 0x30, 0xFC, 0x33, 0xFC, 0x3C, 0xFC, 0x3F
             0F FC 30 FC 33 FC 3C
             FC 3F
    000001D0 FC C0 FC C3 FC CC FC    32     .db 0xFC, 0xC0, 0xFC, 0xC3, 0xFC, 0xCC, 0xFC, 0xCF, 0xFC, 0xF0, 0xFC, 0xF3, 0xFC, 0xFC, 0xFC, 0xFF
             CF FC F0 FC F3 FC FC
             FC FF
    000001E0 FF 00 FF 03 FF 0C FF    33     .db 0xFF, 0x00, 0xFF, 0x03, 0xFF, 0x0C, 0xFF, 0x0F, 0xFF, 0x30, 0xFF, 0x33, 0xFF, 0x3C, 0xFF, 0x3F
             0F FF 30 FF 33 FF 3C
             FF 3F
    000001F0 FF C0 FF C3 FF CC FF    34     .db 0xFF, 0xC0, 0xFF, 0xC3, 0xFF, 0xCC, 0xFF, 0xCF, 0xFF, 0xF0, 0xFF, 0xF3, 0xFF, 0xFC, 0xFF, 0xFF
             CF FF F0 FF F3 FF FC
             FF FF
ASxxxx Assembler V02.00 + NoICE + SDCC mods  (GameBoy Z80-like CPU), page 3.
Hexadecimal [32-Bits]

Symbol Table

    .__.$$$.=   00002710 L   |     .__.ABS.=   00000000 G   |     .__.CPU.=   00000000 L
    .__.H$L.=   00000000 L   |   0 _pixel_s    00000000 GR

ASxxxx Assembler V02.00 + NoICE + SDCC mods  (GameBoy Z80-like CPU), page 4.
Hexadecimal [32-Bits]

Area Table

   0 _CODE      size      200   flags    0

